I tensorflow/stream_executor/dso_loader.cc:108] successfully opened CUDA library libcublas.so locally
I tensorflow/stream_executor/dso_loader.cc:108] successfully opened CUDA library libcudnn.so locally
I tensorflow/stream_executor/dso_loader.cc:108] successfully opened CUDA library libcufft.so locally
I tensorflow/stream_executor/dso_loader.cc:108] successfully opened CUDA library libcuda.so.1 locally
I tensorflow/stream_executor/dso_loader.cc:108] successfully opened CUDA library libcurand.so locally
I tensorflow/core/common_runtime/gpu/gpu_init.cc:102] Found device 0 with properties: 
name: GeForce GTX 980
major: 5 minor: 2 memoryClockRate (GHz) 1.2155
pciBusID 0000:04:00.0
Total memory: 4.00GiB
Free memory: 3.75GiB
W tensorflow/stream_executor/cuda/cuda_driver.cc:572] creating context when one is currently active; existing: 0x9fe6a50
I tensorflow/core/common_runtime/gpu/gpu_init.cc:102] Found device 1 with properties: 
name: GeForce GTX 980
major: 5 minor: 2 memoryClockRate (GHz) 1.2155
pciBusID 0000:01:00.0
Total memory: 4.00GiB
Free memory: 3.91GiB
I tensorflow/core/common_runtime/gpu/gpu_init.cc:126] DMA: 0 1 
I tensorflow/core/common_runtime/gpu/gpu_init.cc:136] 0:   Y Y 
I tensorflow/core/common_runtime/gpu/gpu_init.cc:136] 1:   Y Y 
I tensorflow/core/common_runtime/gpu/gpu_device.cc:838] Creating TensorFlow device (/gpu:0) -> (device: 0, name: GeForce GTX 980, pci bus id: 0000:04:00.0)
I tensorflow/core/common_runtime/gpu/gpu_device.cc:838] Creating TensorFlow device (/gpu:1) -> (device: 1, name: GeForce GTX 980, pci bus id: 0000:01:00.0)
I tensorflow/core/common_runtime/gpu/gpu_device.cc:838] Creating TensorFlow device (/gpu:0) -> (device: 0, name: GeForce GTX 980, pci bus id: 0000:04:00.0)
I tensorflow/core/common_runtime/gpu/gpu_device.cc:838] Creating TensorFlow device (/gpu:1) -> (device: 1, name: GeForce GTX 980, pci bus id: 0000:01:00.0)
Training set (200000, 28, 28) (200000,)
Validation set (10000, 28, 28) (10000,)
Test set (10000, 28, 28) (10000,)
Training set (200000, 784) (200000, 10)
Validation set (10000, 784) (10000, 10)
Test set (10000, 784) (10000, 10)
Initialized
Loss at step 0: 18.989601
Training accuracy: 8.0%
Validation accuracy: 10.7%
Loss at step 100: 2.351524
Training accuracy: 71.5%
Validation accuracy: 71.8%
Loss at step 200: 1.973189
Training accuracy: 74.1%
Validation accuracy: 74.3%
Loss at step 300: 1.768328
Training accuracy: 75.0%
Validation accuracy: 75.5%
Loss at step 400: 1.629246
Training accuracy: 75.6%
Validation accuracy: 75.9%
Loss at step 500: 1.525306
Training accuracy: 76.0%
Validation accuracy: 76.1%
Loss at step 600: 1.443345
Training accuracy: 76.3%
Validation accuracy: 76.5%
Loss at step 700: 1.376365
Training accuracy: 76.5%
Validation accuracy: 76.8%
Loss at step 800: 1.320145
Training accuracy: 76.7%
Validation accuracy: 77.0%
Test accuracy: 84.4%
Initialized
Minibatch loss at step 0: 18.525743
Minibatch accuracy: 6.2%
Validation accuracy: 8.6%
Minibatch loss at step 500: 1.496755
Minibatch accuracy: 80.5%
Validation accuracy: 76.2%
Minibatch loss at step 1000: 1.446489
Minibatch accuracy: 76.6%
Validation accuracy: 77.1%
Minibatch loss at step 1500: 1.367066
Minibatch accuracy: 75.0%
Validation accuracy: 78.1%
Minibatch loss at step 2000: 1.149596
Minibatch accuracy: 76.6%
Validation accuracy: 77.6%
Minibatch loss at step 2500: 1.105296
Minibatch accuracy: 76.6%
Validation accuracy: 78.5%
Minibatch loss at step 3000: 1.257118
Minibatch accuracy: 73.4%
Validation accuracy: 79.1%
Test accuracy: 86.6%
